UnvarnishedTransmission/build/outputs/logs/manifest-merger-debug-report.txt
-- Merging decision tree log ---
manifest
ADDED from blueToothTest\UnvarnishedTransmission\AndroidManifest.xml:2:1-38:12
INJECTED from blueToothTest\UnvarnishedTransmission\AndroidManifest.xml:2:1-38:12
INJECTED from blueToothTest\UnvarnishedTransmission\AndroidManifest.xml:2:1-38:12
INJECTED from blueToothTest\UnvarnishedTransmission\AndroidManifest.xml:2:1-38:12
INJECTED from blueToothTest\UnvarnishedTransmission\AndroidManifest.xml:2:1-38:12
	package
		ADDED from blueToothTest\UnvarnishedTransmission\AndroidManifest.xml:3:5-52
	android:versionName
		ADDED from blueToothTest\UnvarnishedTransmission\AndroidManifest.xml:5:5-30
		INJECTED from blueToothTest\UnvarnishedTransmission\AndroidManifest.xml
		INJECTED from blueToothTest\UnvarnishedTransmission\AndroidManifest.xml
	xmlns:android
		ADDED from blueToothTest\UnvarnishedTransmission\AndroidManifest.xml:2:11-69
	android:versionCode
		ADDED from blueToothTest\UnvarnishedTransmission\AndroidManifest.xml:4:5-28
		INJECTED from blueToothTest\UnvarnishedTransmission\AndroidManifest.xml
		INJECTED from blueToothTest\UnvarnishedTransmission\AndroidManifest.xml
uses-permission#android.permission.BLUETOOTH
ADDED from blueToothTest\UnvarnishedTransmission\AndroidManifest.xml:7:1-63
	android:name
		ADDED from blueToothTest\UnvarnishedTransmission\AndroidManifest.xml:7:18-61
uses-permission#android.permission.BLUETOOTH_ADMIN
ADDED from blueToothTest\UnvarnishedTransmission\AndroidManifest.xml:8:1-69
	android:name
		ADDED from blueToothTest\UnvarnishedTransmission\AndroidManifest.xml:8:18-67
uses-feature#android.hardware.bluetooth_le
ADDED from blueToothTest\UnvarnishedTransmission\AndroidManifest.xml:9:1-85
	android:required
		ADDED from blueToothTest\UnvarnishedTransmission\AndroidManifest.xml:9:60-83
	android:name
		ADDED from blueToothTest\UnvarnishedTransmission\AndroidManifest.xml:9:15-59
application
ADDED from blueToothTest\UnvarnishedTransmission\AndroidManifest.xml:13:5-36:19
	android:label
		ADDED from blueToothTest\UnvarnishedTransmission\AndroidManifest.xml:16:9-41
	android:icon
		ADDED from blueToothTest\UnvarnishedTransmission\AndroidManifest.xml:15:9-42
	android:allowBackup
		ADDED from blueToothTest\UnvarnishedTransmission\AndroidManifest.xml:14:9-35
	android:theme
		ADDED from blueToothTest\UnvarnishedTransmission\AndroidManifest.xml:17:9-40
activity#com.bluetooth.unvarnishedtransmission.UnvarnishedTransmissionActivity
ADDED from blueToothTest\UnvarnishedTransmission\AndroidManifest.xml:18:9-29:20
	android:label
		ADDED from blueToothTest\UnvarnishedTransmission\AndroidManifest.xml:21:13-45
	android:windowSoftInputMode
		ADDED from blueToothTest\UnvarnishedTransmission\AndroidManifest.xml:22:13-52
	android:configChanges
		ADDED from blueToothTest\UnvarnishedTransmission\AndroidManifest.xml:20:13-83
	android:name
		ADDED from blueToothTest\UnvarnishedTransmission\AndroidManifest.xml:19:13-97
intent-filter#action:name:android.intent.action.MAIN+category:name:android.intent.category.LAUNCHER
ADDED from blueToothTest\UnvarnishedTransmission\AndroidManifest.xml:24:13-28:29
action#android.intent.action.MAIN
ADDED from blueToothTest\UnvarnishedTransmission\AndroidManifest.xml:25:17-69
	android:name
		ADDED from blueToothTest\UnvarnishedTransmission\AndroidManifest.xml:25:25-66
category#android.intent.category.LAUNCHER
ADDED from blueToothTest\UnvarnishedTransmission\AndroidManifest.xml:27:17-77
	android:name
		ADDED from blueToothTest\UnvarnishedTransmission\AndroidManifest.xml:27:27-74
activity#com.bluetooth.unvarnishedtransmission.DeviceSearchActivity
ADDED from blueToothTest\UnvarnishedTransmission\AndroidManifest.xml:31:9-35:20
	android:label
		ADDED from blueToothTest\UnvarnishedTransmission\AndroidManifest.xml:34:13-52
	android:configChanges
		ADDED from blueToothTest\UnvarnishedTransmission\AndroidManifest.xml:33:13-83
	android:name
		ADDED from blueToothTest\UnvarnishedTransmission\AndroidManifest.xml:32:13-86